[09:18:50] [main/INFO] (FabricLoader/GameProvider) Loading Minecraft 1.21.6 with Fabric Loader 0.16.14
[09:18:50] [main/INFO] (FabricLoader) Loading 49 mods:
	- fabric-api 0.128.2+1.21.6
	- fabric-api-base 0.4.64+9ec45cd896
	- fabric-api-lookup-api-v1 1.6.100+946bf4c396
	- fabric-biome-api-v1 16.0.11+946bf4c396
	- fabric-block-api-v1 1.1.3+946bf4c396
	- fabric-block-view-api-v2 1.0.31+946bf4c396
	- fabric-client-gametest-api-v1 4.2.5+98137fcb96
	- fabric-command-api-v2 2.2.53+946bf4c396
	- fabric-content-registries-v0 10.0.18+946bf4c396
	- fabric-convention-tags-v1 2.1.38+7f945d5b96
	- fabric-convention-tags-v2 2.15.3+946bf4c396
	- fabric-crash-report-info-v1 0.3.15+946bf4c396
	- fabric-data-attachment-api-v1 1.8.10+946bf4c396
	- fabric-data-generation-api-v1 23.2.3+c265f73696
	- fabric-dimensions-v1 4.0.19+946bf4c396
	- fabric-entity-events-v1 2.1.1+c9e4727396
	- fabric-events-interaction-v0 4.0.23+946bf4c396
	- fabric-game-rule-api-v1 1.0.73+12a186f696
	- fabric-gametest-api-v1 3.1.9+39ce47f596
	- fabric-item-api-v1 11.4.3+946bf4c396
	- fabric-item-group-api-v1 4.2.13+946bf4c396
	- fabric-key-binding-api-v1 1.0.65+946bf4c396
	- fabric-lifecycle-events-v1 2.6.3+db4dfd8596
	- fabric-loot-api-v2 3.0.55+3f89f5a596
	- fabric-loot-api-v3 2.0.2+946bf4c396
	- fabric-message-api-v1 6.1.1+946bf4c396
	- fabric-model-loading-api-v1 5.2.5+946bf4c396
	- fabric-networking-api-v1 5.0.1+946bf4c396
	- fabric-object-builder-api-v1 21.1.7+946bf4c396
	- fabric-particles-v1 4.1.7+946bf4c396
	- fabric-recipe-api-v1 8.1.14+946bf4c396
	- fabric-registry-sync-v0 6.1.27+946bf4c396
	- fabric-renderer-api-v1 7.0.2+946bf4c396
	- fabric-renderer-indigo 4.0.2+946bf4c396
	- fabric-rendering-fluids-v1 3.1.30+fa6cb72b96
	- fabric-rendering-v1 12.4.0+e8d43c7696
	- fabric-resource-conditions-api-v1 5.0.24+946bf4c396
	- fabric-resource-loader-v0 3.1.11+946bf4c396
	- fabric-screen-api-v1 2.0.51+946bf4c396
	- fabric-screen-handler-api-v1 1.3.136+946bf4c396
	- fabric-sound-api-v1 1.0.42+946bf4c396
	- fabric-tag-api-v1 1.2.1+946bf4c396
	- fabric-transfer-api-v1 6.0.5+946bf4c396
	- fabric-transitive-access-wideners-v1 6.4.1+ac3e15d196
	- fabricloader 0.16.14
	- java 21
	- kcisdeco 1.0.0
	- minecraft 1.21.6
	- mixinextras 0.4.1
[09:18:50] [main/INFO] (FabricLoader/Mixin) SpongePowered MIXIN Subsystem Version=0.8.7 Source=file:/Users/rex.huang.2006/.gradle/caches/modules-2/files-2.1/net.fabricmc/sponge-mixin/0.15.5+mixin.0.8.7/22f9eb729e216a091673a574a5906dc1b9027fb3/sponge-mixin-0.15.5+mixin.0.8.7.jar Service=Knot/Fabric Env=CLIENT
[09:18:50] [main/INFO] (FabricLoader/Mixin) Loaded Fabric development mappings for mixin remapper!
[09:18:50] [main/INFO] (FabricLoader/Mixin) Compatibility level set to JAVA_21
[09:18:51] [main/INFO] (FabricLoader/MixinExtras|Service) Initializing MixinExtras via com.llamalad7.mixinextras.service.MixinExtrasServiceImpl(version=0.4.1).
[09:18:51] [Datafixer Bootstrap/INFO] (Minecraft) 269 Datafixer optimizations took 401 milliseconds
[09:18:55] [Render thread/INFO] (Minecraft) Environment: Environment[sessionHost=https://sessionserver.mojang.com, servicesHost=https://api.minecraftservices.com, name=PROD]
[09:18:55] [Render thread/INFO] (Minecraft) Setting user: Player902
[09:18:55] [Render thread/INFO] (Indigo) [Indigo] Registering Indigo renderer!
[09:18:56] [Render thread/INFO] (Minecraft) Backend library: LWJGL version 3.3.3-snapshot
[09:18:56] [Render thread/INFO] (Minecraft) Using optional rendering extensions: 
[09:18:57] [Render thread/INFO] (Minecraft) Reloading ResourceManager: vanilla, fabric, fabric-api, fabric-api-base, fabric-api-lookup-api-v1, fabric-biome-api-v1, fabric-block-api-v1, fabric-block-view-api-v2, fabric-client-gametest-api-v1, fabric-command-api-v2, fabric-content-registries-v0, fabric-convention-tags-v1, fabric-convention-tags-v2, fabric-crash-report-info-v1, fabric-data-attachment-api-v1, fabric-data-generation-api-v1, fabric-dimensions-v1, fabric-entity-events-v1, fabric-events-interaction-v0, fabric-game-rule-api-v1, fabric-gametest-api-v1, fabric-item-api-v1, fabric-item-group-api-v1, fabric-key-binding-api-v1, fabric-lifecycle-events-v1, fabric-loot-api-v2, fabric-loot-api-v3, fabric-message-api-v1, fabric-model-loading-api-v1, fabric-networking-api-v1, fabric-object-builder-api-v1, fabric-particles-v1, fabric-recipe-api-v1, fabric-registry-sync-v0, fabric-renderer-api-v1, fabric-renderer-indigo, fabric-rendering-fluids-v1, fabric-rendering-v1, fabric-resource-conditions-api-v1, fabric-resource-loader-v0, fabric-screen-api-v1, fabric-screen-handler-api-v1, fabric-sound-api-v1, fabric-tag-api-v1, fabric-transfer-api-v1, fabric-transitive-access-wideners-v1, fabricloader, kcisdeco
[09:18:57] [Worker-Main-5/INFO] (Minecraft) Found unifont_pua-16.0.03.hex, loading
[09:18:57] [Worker-Main-3/INFO] (Minecraft) Found unifont_all_no_pua-16.0.03.hex, loading
[09:18:58] [Worker-Main-6/WARN] (Minecraft) Texture kcisdeco:block/framed_window_double_fogged_pane_bottom with size 12x14 limits mip level from 4 to 1
[09:18:58] [Worker-Main-6/WARN] (Minecraft) minecraft:textures/atlas/blocks.png: dropping miplevel from 4 to 1, because of minimum power of two: 2
[09:18:58] [Worker-Main-3/INFO] (Minecraft) Found unifont_jp_patch-16.0.03.hex, loading
[09:18:58] [Worker-Main-7/WARN] (Minecraft) Missing textures in model kcisdeco:block/florescent_light_double:
    minecraft:textures/atlas/blocks.png:minecraft:polished_diorite
[09:18:58] [Worker-Main-7/WARN] (Minecraft) Missing textures in model kcisdeco:block/florescent_light_double_fenced:
    minecraft:textures/atlas/blocks.png:minecraft:polished_diorite
[09:18:58] [Worker-Main-7/WARN] (Minecraft) Missing texture references in model kcisdeco:block/classroom_door_top_left:
    #missing
[09:18:58] [Worker-Main-7/WARN] (Minecraft) Missing texture references in model kcisdeco:block/framed_window_left_bottom:
    #missing
[09:18:58] [Worker-Main-7/WARN] (Minecraft) Missing texture references in model kcisdeco:block/classroom_door_top_right_open:
    #missing
[09:18:58] [Worker-Main-7/WARN] (Minecraft) Missing texture references in model kcisdeco:block/framed_window_edge_bottom:
    #missing
[09:18:58] [Worker-Main-7/WARN] (Minecraft) Missing texture references in model kcisdeco:block/framed_window_horizontal:
    #missing
[09:18:58] [Worker-Main-7/WARN] (Minecraft) Missing texture references in model kcisdeco:block/framed_window_left:
    #missing
[09:18:58] [Worker-Main-7/WARN] (Minecraft) Missing texture references in model kcisdeco:block/framed_window_right_top:
    #missing
[09:18:58] [Worker-Main-7/WARN] (Minecraft) Missing texture references in model kcisdeco:block/classroom_door_top_right:
    #missing
[09:18:58] [Worker-Main-7/WARN] (Minecraft) Missing texture references in model kcisdeco:block/framed_window_right_bottom:
    #missing
[09:18:58] [Worker-Main-7/WARN] (Minecraft) Missing texture references in model kcisdeco:block/classroom_door_top_left_open:
    #missing
[09:18:58] [Worker-Main-7/WARN] (Minecraft) Missing texture references in model kcisdeco:block/classroom_door_bottom_right:
    #missing
[09:18:58] [Worker-Main-7/WARN] (Minecraft) Missing texture references in model kcisdeco:block/framed_window_edge_top:
    #missing
[09:18:58] [Worker-Main-7/WARN] (Minecraft) Missing texture references in model kcisdeco:block/framed_window_edge_right:
    #missing
[09:18:58] [Worker-Main-7/WARN] (Minecraft) Missing texture references in model kcisdeco:block/framed_window_right:
    #missing
[09:18:58] [Worker-Main-7/WARN] (Minecraft) Missing texture references in model kcisdeco:block/classroom_door:
    #missing
[09:18:58] [Worker-Main-7/WARN] (Minecraft) Missing texture references in model kcisdeco:block/framed_window_edge_left:
    #missing
[09:18:58] [Worker-Main-7/WARN] (Minecraft) Missing texture references in model kcisdeco:block/framed_window_vertical:
    #missing
[09:18:58] [Worker-Main-7/WARN] (Minecraft) Missing texture references in model kcisdeco:block/framed_window_left_top:
    #missing
[09:18:58] [Worker-Main-7/WARN] (Minecraft) Missing texture references in model kcisdeco:block/classroom_door_bottom_left:
    #missing
[09:18:58] [Worker-Main-7/WARN] (Minecraft) Missing model for variant: 'Block{kcisdeco:framed_window_extendable}[down=true,east=true,facing=north,north=true,south=true,up=true,west=true]'
[09:18:58] [Worker-Main-7/WARN] (Minecraft) Missing model for variant: 'Block{kcisdeco:framed_window_extendable}[down=true,east=true,facing=north,north=true,south=true,up=true,west=false]'
[09:18:58] [Worker-Main-7/WARN] (Minecraft) Missing model for variant: 'Block{kcisdeco:framed_window_extendable}[down=true,east=true,facing=north,north=true,south=true,up=false,west=true]'
[09:18:58] [Worker-Main-7/WARN] (Minecraft) Missing model for variant: 'Block{kcisdeco:framed_window_extendable}[down=true,east=true,facing=north,north=true,south=true,up=false,west=false]'
[09:18:58] [Worker-Main-7/WARN] (Minecraft) Missing model for variant: 'Block{kcisdeco:framed_window_extendable}[down=true,east=true,facing=north,north=true,south=false,up=true,west=true]'
[09:18:58] [Worker-Main-7/WARN] (Minecraft) Missing model for variant: 'Block{kcisdeco:framed_window_extendable}[down=true,east=true,facing=north,north=true,south=false,up=true,west=false]'
[09:18:58] [Worker-Main-7/WARN] (Minecraft) Missing model for variant: 'Block{kcisdeco:framed_window_extendable}[down=true,east=true,facing=north,north=true,south=false,up=false,west=true]'
[09:18:58] [Worker-Main-7/WARN] (Minecraft) Missing model for variant: 'Block{kcisdeco:framed_window_extendable}[down=true,east=true,facing=north,north=true,south=false,up=false,west=false]'
[09:18:58] [Worker-Main-7/WARN] (Minecraft) Missing model for variant: 'Block{kcisdeco:framed_window_extendable}[down=true,east=true,facing=north,north=false,south=true,up=true,west=true]'
[09:18:58] [Worker-Main-7/WARN] (Minecraft) Missing model for variant: 'Block{kcisdeco:framed_window_extendable}[down=true,east=true,facing=north,north=false,south=true,up=true,west=false]'
[09:18:58] [Worker-Main-7/WARN] (Minecraft) Missing model for variant: 'Block{kcisdeco:framed_window_extendable}[down=true,east=true,facing=north,north=false,south=true,up=false,west=true]'
[09:18:58] [Worker-Main-7/WARN] (Minecraft) Missing model for variant: 'Block{kcisdeco:framed_window_extendable}[down=true,east=true,facing=north,north=false,south=true,up=false,west=false]'
[09:18:58] [Worker-Main-7/WARN] (Minecraft) Missing model for variant: 'Block{kcisdeco:framed_window_extendable}[down=true,east=true,facing=south,north=true,south=true,up=true,west=true]'
[09:18:58] [Worker-Main-7/WARN] (Minecraft) Missing model for variant: 'Block{kcisdeco:framed_window_extendable}[down=true,east=true,facing=south,north=true,south=true,up=true,west=false]'
[09:18:58] [Worker-Main-7/WARN] (Minecraft) Missing model for variant: 'Block{kcisdeco:framed_window_extendable}[down=true,east=true,facing=south,north=true,south=true,up=false,west=true]'
[09:18:58] [Worker-Main-7/WARN] (Minecraft) Missing model for variant: 'Block{kcisdeco:framed_window_extendable}[down=true,east=true,facing=south,north=true,south=true,up=false,west=false]'
[09:18:58] [Worker-Main-7/WARN] (Minecraft) Missing model for variant: 'Block{kcisdeco:framed_window_extendable}[down=true,east=true,facing=south,north=true,south=false,up=true,west=true]'
[09:18:58] [Worker-Main-7/WARN] (Minecraft) Missing model for variant: 'Block{kcisdeco:framed_window_extendable}[down=true,east=true,facing=south,north=true,south=false,up=true,west=false]'
[09:18:58] [Worker-Main-7/WARN] (Minecraft) Missing model for variant: 'Block{kcisdeco:framed_window_extendable}[down=true,east=true,facing=south,north=true,south=false,up=false,west=true]'
[09:18:58] [Worker-Main-7/WARN] (Minecraft) Missing model for variant: 'Block{kcisdeco:framed_window_extendable}[down=true,east=true,facing=south,north=true,south=false,up=false,west=false]'
[09:18:58] [Worker-Main-7/WARN] (Minecraft) Missing model for variant: 'Block{kcisdeco:framed_window_extendable}[down=true,east=true,facing=south,north=false,south=true,up=true,west=true]'
[09:18:58] [Worker-Main-7/WARN] (Minecraft) Missing model for variant: 'Block{kcisdeco:framed_window_extendable}[down=true,east=true,facing=south,north=false,south=true,up=true,west=false]'
[09:18:58] [Worker-Main-7/WARN] (Minecraft) Missing model for variant: 'Block{kcisdeco:framed_window_extendable}[down=true,east=true,facing=south,north=false,south=true,up=false,west=true]'
[09:18:58] [Worker-Main-7/WARN] (Minecraft) Missing model for variant: 'Block{kcisdeco:framed_window_extendable}[down=true,east=true,facing=south,north=false,south=true,up=false,west=false]'
[09:18:58] [Worker-Main-7/WARN] (Minecraft) Missing model for variant: 'Block{kcisdeco:framed_window_extendable}[down=true,east=true,facing=west,north=true,south=true,up=true,west=true]'
[09:18:58] [Worker-Main-7/WARN] (Minecraft) Missing model for variant: 'Block{kcisdeco:framed_window_extendable}[down=true,east=true,facing=west,north=true,south=true,up=true,west=false]'
[09:18:58] [Worker-Main-7/WARN] (Minecraft) Missing model for variant: 'Block{kcisdeco:framed_window_extendable}[down=true,east=true,facing=west,north=true,south=true,up=false,west=true]'
[09:18:58] [Worker-Main-7/WARN] (Minecraft) Missing model for variant: 'Block{kcisdeco:framed_window_extendable}[down=true,east=true,facing=west,north=true,south=true,up=false,west=false]'
[09:18:58] [Worker-Main-7/WARN] (Minecraft) Missing model for variant: 'Block{kcisdeco:framed_window_extendable}[down=true,east=true,facing=west,north=true,south=false,up=true,west=true]'
[09:18:58] [Worker-Main-7/WARN] (Minecraft) Missing model for variant: 'Block{kcisdeco:framed_window_extendable}[down=true,east=true,facing=west,north=true,south=false,up=true,west=false]'
[09:18:58] [Worker-Main-7/WARN] (Minecraft) Missing model for variant: 'Block{kcisdeco:framed_window_extendable}[down=true,east=true,facing=west,north=true,south=false,up=false,west=true]'
[09:18:58] [Worker-Main-7/WARN] (Minecraft) Missing model for variant: 'Block{kcisdeco:framed_window_extendable}[down=true,east=true,facing=west,north=true,south=false,up=false,west=false]'
[09:18:58] [Worker-Main-7/WARN] (Minecraft) Missing model for variant: 'Block{kcisdeco:framed_window_extendable}[down=true,east=true,facing=west,north=false,south=true,up=true,west=true]'
[09:18:58] [Worker-Main-7/WARN] (Minecraft) Missing model for variant: 'Block{kcisdeco:framed_window_extendable}[down=true,east=true,facing=west,north=false,south=true,up=true,west=false]'
[09:18:58] [Worker-Main-7/WARN] (Minecraft) Missing model for variant: 'Block{kcisdeco:framed_window_extendable}[down=true,east=true,facing=west,north=false,south=true,up=false,west=true]'
[09:18:58] [Worker-Main-7/WARN] (Minecraft) Missing model for variant: 'Block{kcisdeco:framed_window_extendable}[down=true,east=true,facing=west,north=false,south=true,up=false,west=false]'
[09:18:58] [Worker-Main-7/WARN] (Minecraft) Missing model for variant: 'Block{kcisdeco:framed_window_extendable}[down=true,east=true,facing=west,north=false,south=false,up=true,west=true]'
[09:18:58] [Worker-Main-7/WARN] (Minecraft) Missing model for variant: 'Block{kcisdeco:framed_window_extendable}[down=true,east=true,facing=west,north=false,south=false,up=true,west=false]'
[09:18:58] [Worker-Main-7/WARN] (Minecraft) Missing model for variant: 'Block{kcisdeco:framed_window_extendable}[down=true,east=true,facing=west,north=false,south=false,up=false,west=true]'
[09:18:58] [Worker-Main-7/WARN] (Minecraft) Missing model for variant: 'Block{kcisdeco:framed_window_extendable}[down=true,east=true,facing=west,north=false,south=false,up=false,west=false]'
[09:18:58] [Worker-Main-7/WARN] (Minecraft) Missing model for variant: 'Block{kcisdeco:framed_window_extendable}[down=true,east=true,facing=east,north=true,south=true,up=true,west=true]'
[09:18:58] [Worker-Main-7/WARN] (Minecraft) Missing model for variant: 'Block{kcisdeco:framed_window_extendable}[down=true,east=true,facing=east,north=true,south=true,up=true,west=false]'
[09:18:58] [Worker-Main-7/WARN] (Minecraft) Missing model for variant: 'Block{kcisdeco:framed_window_extendable}[down=true,east=true,facing=east,north=true,south=true,up=false,west=true]'
[09:18:58] [Worker-Main-7/WARN] (Minecraft) Missing model for variant: 'Block{kcisdeco:framed_window_extendable}[down=true,east=true,facing=east,north=true,south=true,up=false,west=false]'
[09:18:58] [Worker-Main-7/WARN] (Minecraft) Missing model for variant: 'Block{kcisdeco:framed_window_extendable}[down=true,east=true,facing=east,north=true,south=false,up=true,west=true]'
[09:18:58] [Worker-Main-7/WARN] (Minecraft) Missing model for variant: 'Block{kcisdeco:framed_window_extendable}[down=true,east=true,facing=east,north=true,south=false,up=true,west=false]'
[09:18:58] [Worker-Main-7/WARN] (Minecraft) Missing model for variant: 'Block{kcisdeco:framed_window_extendable}[down=true,east=true,facing=east,north=true,south=false,up=false,west=true]'
[09:18:58] [Worker-Main-7/WARN] (Minecraft) Missing model for variant: 'Block{kcisdeco:framed_window_extendable}[down=true,east=true,facing=east,north=true,south=false,up=false,west=false]'
[09:18:58] [Worker-Main-7/WARN] (Minecraft) Missing model for variant: 'Block{kcisdeco:framed_window_extendable}[down=true,east=true,facing=east,north=false,south=true,up=true,west=true]'
[09:18:58] [Worker-Main-7/WARN] (Minecraft) Missing model for variant: 'Block{kcisdeco:framed_window_extendable}[down=true,east=true,facing=east,north=false,south=true,up=true,west=false]'
[09:18:58] [Worker-Main-7/WARN] (Minecraft) Missing model for variant: 'Block{kcisdeco:framed_window_extendable}[down=true,east=true,facing=east,north=false,south=true,up=false,west=true]'
[09:18:58] [Worker-Main-7/WARN] (Minecraft) Missing model for variant: 'Block{kcisdeco:framed_window_extendable}[down=true,east=true,facing=east,north=false,south=true,up=false,west=false]'
[09:18:58] [Worker-Main-7/WARN] (Minecraft) Missing model for variant: 'Block{kcisdeco:framed_window_extendable}[down=true,east=true,facing=east,north=false,south=false,up=true,west=true]'
[09:18:58] [Worker-Main-7/WARN] (Minecraft) Missing model for variant: 'Block{kcisdeco:framed_window_extendable}[down=true,east=true,facing=east,north=false,south=false,up=true,west=false]'
[09:18:58] [Worker-Main-7/WARN] (Minecraft) Missing model for variant: 'Block{kcisdeco:framed_window_extendable}[down=true,east=true,facing=east,north=false,south=false,up=false,west=true]'
[09:18:58] [Worker-Main-7/WARN] (Minecraft) Missing model for variant: 'Block{kcisdeco:framed_window_extendable}[down=true,east=true,facing=east,north=false,south=false,up=false,west=false]'
[09:18:58] [Worker-Main-7/WARN] (Minecraft) Missing model for variant: 'Block{kcisdeco:framed_window_extendable}[down=true,east=false,facing=north,north=true,south=true,up=true,west=true]'
[09:18:58] [Worker-Main-7/WARN] (Minecraft) Missing model for variant: 'Block{kcisdeco:framed_window_extendable}[down=true,east=false,facing=north,north=true,south=true,up=true,west=false]'
[09:18:58] [Worker-Main-7/WARN] (Minecraft) Missing model for variant: 'Block{kcisdeco:framed_window_extendable}[down=true,east=false,facing=north,north=true,south=true,up=false,west=true]'
[09:18:58] [Worker-Main-7/WARN] (Minecraft) Missing model for variant: 'Block{kcisdeco:framed_window_extendable}[down=true,east=false,facing=north,north=true,south=true,up=false,west=false]'
[09:18:58] [Worker-Main-7/WARN] (Minecraft) Missing model for variant: 'Block{kcisdeco:framed_window_extendable}[down=true,east=false,facing=north,north=true,south=false,up=true,west=true]'
[09:18:58] [Worker-Main-7/WARN] (Minecraft) Missing model for variant: 'Block{kcisdeco:framed_window_extendable}[down=true,east=false,facing=north,north=true,south=false,up=true,west=false]'
[09:18:58] [Worker-Main-7/WARN] (Minecraft) Missing model for variant: 'Block{kcisdeco:framed_window_extendable}[down=true,east=false,facing=north,north=true,south=false,up=false,west=true]'
[09:18:58] [Worker-Main-7/WARN] (Minecraft) Missing model for variant: 'Block{kcisdeco:framed_window_extendable}[down=true,east=false,facing=north,north=true,south=false,up=false,west=false]'
[09:18:58] [Worker-Main-7/WARN] (Minecraft) Missing model for variant: 'Block{kcisdeco:framed_window_extendable}[down=true,east=false,facing=north,north=false,south=true,up=true,west=true]'
[09:18:58] [Worker-Main-7/WARN] (Minecraft) Missing model for variant: 'Block{kcisdeco:framed_window_extendable}[down=true,east=false,facing=north,north=false,south=true,up=true,west=false]'
[09:18:58] [Worker-Main-7/WARN] (Minecraft) Missing model for variant: 'Block{kcisdeco:framed_window_extendable}[down=true,east=false,facing=north,north=false,south=true,up=false,west=true]'
[09:18:58] [Worker-Main-7/WARN] (Minecraft) Missing model for variant: 'Block{kcisdeco:framed_window_extendable}[down=true,east=false,facing=north,north=false,south=true,up=false,west=false]'
[09:18:58] [Worker-Main-7/WARN] (Minecraft) Missing model for variant: 'Block{kcisdeco:framed_window_extendable}[down=true,east=false,facing=south,north=true,south=true,up=true,west=true]'
[09:18:58] [Worker-Main-7/WARN] (Minecraft) Missing model for variant: 'Block{kcisdeco:framed_window_extendable}[down=true,east=false,facing=south,north=true,south=true,up=true,west=false]'
[09:18:58] [Worker-Main-7/WARN] (Minecraft) Missing model for variant: 'Block{kcisdeco:framed_window_extendable}[down=true,east=false,facing=south,north=true,south=true,up=false,west=true]'
[09:18:58] [Worker-Main-7/WARN] (Minecraft) Missing model for variant: 'Block{kcisdeco:framed_window_extendable}[down=true,east=false,facing=south,north=true,south=true,up=false,west=false]'
[09:18:58] [Worker-Main-7/WARN] (Minecraft) Missing model for variant: 'Block{kcisdeco:framed_window_extendable}[down=true,east=false,facing=south,north=true,south=false,up=true,west=true]'
[09:18:58] [Worker-Main-7/WARN] (Minecraft) Missing model for variant: 'Block{kcisdeco:framed_window_extendable}[down=true,east=false,facing=south,north=true,south=false,up=true,west=false]'
[09:18:58] [Worker-Main-7/WARN] (Minecraft) Missing model for variant: 'Block{kcisdeco:framed_window_extendable}[down=true,east=false,facing=south,north=true,south=false,up=false,west=true]'
[09:18:58] [Worker-Main-7/WARN] (Minecraft) Missing model for variant: 'Block{kcisdeco:framed_window_extendable}[down=true,east=false,facing=south,north=true,south=false,up=false,west=false]'
[09:18:58] [Worker-Main-7/WARN] (Minecraft) Missing model for variant: 'Block{kcisdeco:framed_window_extendable}[down=true,east=false,facing=south,north=false,south=true,up=true,west=true]'
[09:18:58] [Worker-Main-7/WARN] (Minecraft) Missing model for variant: 'Block{kcisdeco:framed_window_extendable}[down=true,east=false,facing=south,north=false,south=true,up=true,west=false]'
[09:18:58] [Worker-Main-7/WARN] (Minecraft) Missing model for variant: 'Block{kcisdeco:framed_window_extendable}[down=true,east=false,facing=south,north=false,south=true,up=false,west=true]'
[09:18:58] [Worker-Main-7/WARN] (Minecraft) Missing model for variant: 'Block{kcisdeco:framed_window_extendable}[down=true,east=false,facing=south,north=false,south=true,up=false,west=false]'
[09:18:58] [Worker-Main-7/WARN] (Minecraft) Missing model for variant: 'Block{kcisdeco:framed_window_extendable}[down=true,east=false,facing=west,north=true,south=true,up=true,west=true]'
[09:18:58] [Worker-Main-7/WARN] (Minecraft) Missing model for variant: 'Block{kcisdeco:framed_window_extendable}[down=true,east=false,facing=west,north=true,south=true,up=false,west=true]'
[09:18:58] [Worker-Main-7/WARN] (Minecraft) Missing model for variant: 'Block{kcisdeco:framed_window_extendable}[down=true,east=false,facing=west,north=true,south=false,up=true,west=true]'
[09:18:58] [Worker-Main-7/WARN] (Minecraft) Missing model for variant: 'Block{kcisdeco:framed_window_extendable}[down=true,east=false,facing=west,north=true,south=false,up=false,west=true]'
[09:18:58] [Worker-Main-7/WARN] (Minecraft) Missing model for variant: 'Block{kcisdeco:framed_window_extendable}[down=true,east=false,facing=west,north=false,south=true,up=true,west=true]'
[09:18:58] [Worker-Main-7/WARN] (Minecraft) Missing model for variant: 'Block{kcisdeco:framed_window_extendable}[down=true,east=false,facing=west,north=false,south=true,up=false,west=true]'
[09:18:58] [Worker-Main-7/WARN] (Minecraft) Missing model for variant: 'Block{kcisdeco:framed_window_extendable}[down=true,east=false,facing=west,north=false,south=false,up=true,west=true]'
[09:18:58] [Worker-Main-7/WARN] (Minecraft) Missing model for variant: 'Block{kcisdeco:framed_window_extendable}[down=true,east=false,facing=west,north=false,south=false,up=false,west=true]'
[09:18:58] [Worker-Main-7/WARN] (Minecraft) Missing model for variant: 'Block{kcisdeco:framed_window_extendable}[down=true,east=false,facing=east,north=true,south=true,up=true,west=true]'
[09:18:58] [Worker-Main-7/WARN] (Minecraft) Missing model for variant: 'Block{kcisdeco:framed_window_extendable}[down=true,east=false,facing=east,north=true,south=true,up=false,west=true]'
[09:18:58] [Worker-Main-7/WARN] (Minecraft) Missing model for variant: 'Block{kcisdeco:framed_window_extendable}[down=true,east=false,facing=east,north=true,south=false,up=true,west=true]'
[09:18:58] [Worker-Main-7/WARN] (Minecraft) Missing model for variant: 'Block{kcisdeco:framed_window_extendable}[down=true,east=false,facing=east,north=true,south=false,up=false,west=true]'
[09:18:58] [Worker-Main-7/WARN] (Minecraft) Missing model for variant: 'Block{kcisdeco:framed_window_extendable}[down=true,east=false,facing=east,north=false,south=true,up=true,west=true]'
[09:18:58] [Worker-Main-7/WARN] (Minecraft) Missing model for variant: 'Block{kcisdeco:framed_window_extendable}[down=true,east=false,facing=east,north=false,south=true,up=false,west=true]'
[09:18:58] [Worker-Main-7/WARN] (Minecraft) Missing model for variant: 'Block{kcisdeco:framed_window_extendable}[down=true,east=false,facing=east,north=false,south=false,up=true,west=true]'
[09:18:58] [Worker-Main-7/WARN] (Minecraft) Missing model for variant: 'Block{kcisdeco:framed_window_extendable}[down=true,east=false,facing=east,north=false,south=false,up=false,west=true]'
[09:18:58] [Worker-Main-7/WARN] (Minecraft) Missing model for variant: 'Block{kcisdeco:framed_window_extendable}[down=false,east=true,facing=north,north=true,south=true,up=true,west=true]'
[09:18:58] [Worker-Main-7/WARN] (Minecraft) Missing model for variant: 'Block{kcisdeco:framed_window_extendable}[down=false,east=true,facing=north,north=true,south=true,up=true,west=false]'
[09:18:58] [Worker-Main-7/WARN] (Minecraft) Missing model for variant: 'Block{kcisdeco:framed_window_extendable}[down=false,east=true,facing=north,north=true,south=true,up=false,west=true]'
[09:18:58] [Worker-Main-7/WARN] (Minecraft) Missing model for variant: 'Block{kcisdeco:framed_window_extendable}[down=false,east=true,facing=north,north=true,south=true,up=false,west=false]'
[09:18:58] [Worker-Main-7/WARN] (Minecraft) Missing model for variant: 'Block{kcisdeco:framed_window_extendable}[down=false,east=true,facing=north,north=true,south=false,up=true,west=true]'
[09:18:58] [Worker-Main-7/WARN] (Minecraft) Missing model for variant: 'Block{kcisdeco:framed_window_extendable}[down=false,east=true,facing=north,north=true,south=false,up=true,west=false]'
[09:18:58] [Worker-Main-7/WARN] (Minecraft) Missing model for variant: 'Block{kcisdeco:framed_window_extendable}[down=false,east=true,facing=north,north=true,south=false,up=false,west=true]'
[09:18:58] [Worker-Main-7/WARN] (Minecraft) Missing model for variant: 'Block{kcisdeco:framed_window_extendable}[down=false,east=true,facing=north,north=true,south=false,up=false,west=false]'
[09:18:58] [Worker-Main-7/WARN] (Minecraft) Missing model for variant: 'Block{kcisdeco:framed_window_extendable}[down=false,east=true,facing=north,north=false,south=true,up=true,west=true]'
[09:18:58] [Worker-Main-7/WARN] (Minecraft) Missing model for variant: 'Block{kcisdeco:framed_window_extendable}[down=false,east=true,facing=north,north=false,south=true,up=true,west=false]'
[09:18:58] [Worker-Main-7/WARN] (Minecraft) Missing model for variant: 'Block{kcisdeco:framed_window_extendable}[down=false,east=true,facing=north,north=false,south=true,up=false,west=true]'
[09:18:58] [Worker-Main-7/WARN] (Minecraft) Missing model for variant: 'Block{kcisdeco:framed_window_extendable}[down=false,east=true,facing=north,north=false,south=true,up=false,west=false]'
[09:18:58] [Worker-Main-7/WARN] (Minecraft) Missing model for variant: 'Block{kcisdeco:framed_window_extendable}[down=false,east=true,facing=south,north=true,south=true,up=true,west=true]'
[09:18:58] [Worker-Main-7/WARN] (Minecraft) Missing model for variant: 'Block{kcisdeco:framed_window_extendable}[down=false,east=true,facing=south,north=true,south=true,up=true,west=false]'
[09:18:58] [Worker-Main-7/WARN] (Minecraft) Missing model for variant: 'Block{kcisdeco:framed_window_extendable}[down=false,east=true,facing=south,north=true,south=true,up=false,west=true]'
[09:18:58] [Worker-Main-7/WARN] (Minecraft) Missing model for variant: 'Block{kcisdeco:framed_window_extendable}[down=false,east=true,facing=south,north=true,south=true,up=false,west=false]'
[09:18:58] [Worker-Main-7/WARN] (Minecraft) Missing model for variant: 'Block{kcisdeco:framed_window_extendable}[down=false,east=true,facing=south,north=true,south=false,up=true,west=true]'
[09:18:58] [Worker-Main-7/WARN] (Minecraft) Missing model for variant: 'Block{kcisdeco:framed_window_extendable}[down=false,east=true,facing=south,north=true,south=false,up=true,west=false]'
[09:18:58] [Worker-Main-7/WARN] (Minecraft) Missing model for variant: 'Block{kcisdeco:framed_window_extendable}[down=false,east=true,facing=south,north=true,south=false,up=false,west=true]'
[09:18:58] [Worker-Main-7/WARN] (Minecraft) Missing model for variant: 'Block{kcisdeco:framed_window_extendable}[down=false,east=true,facing=south,north=true,south=false,up=false,west=false]'
[09:18:58] [Worker-Main-7/WARN] (Minecraft) Missing model for variant: 'Block{kcisdeco:framed_window_extendable}[down=false,east=true,facing=south,north=false,south=true,up=true,west=true]'
[09:18:58] [Worker-Main-7/WARN] (Minecraft) Missing model for variant: 'Block{kcisdeco:framed_window_extendable}[down=false,east=true,facing=south,north=false,south=true,up=true,west=false]'
[09:18:58] [Worker-Main-7/WARN] (Minecraft) Missing model for variant: 'Block{kcisdeco:framed_window_extendable}[down=false,east=true,facing=south,north=false,south=true,up=false,west=true]'
[09:18:58] [Worker-Main-7/WARN] (Minecraft) Missing model for variant: 'Block{kcisdeco:framed_window_extendable}[down=false,east=true,facing=south,north=false,south=true,up=false,west=false]'
[09:18:58] [Worker-Main-7/WARN] (Minecraft) Missing model for variant: 'Block{kcisdeco:framed_window_extendable}[down=false,east=true,facing=west,north=true,south=true,up=true,west=true]'
[09:18:58] [Worker-Main-7/WARN] (Minecraft) Missing model for variant: 'Block{kcisdeco:framed_window_extendable}[down=false,east=true,facing=west,north=true,south=true,up=true,west=false]'
[09:18:58] [Worker-Main-7/WARN] (Minecraft) Missing model for variant: 'Block{kcisdeco:framed_window_extendable}[down=false,east=true,facing=west,north=true,south=true,up=false,west=true]'
[09:18:58] [Worker-Main-7/WARN] (Minecraft) Missing model for variant: 'Block{kcisdeco:framed_window_extendable}[down=false,east=true,facing=west,north=true,south=true,up=false,west=false]'
[09:18:58] [Worker-Main-7/WARN] (Minecraft) Missing model for variant: 'Block{kcisdeco:framed_window_extendable}[down=false,east=true,facing=west,north=true,south=false,up=true,west=true]'
[09:18:58] [Worker-Main-7/WARN] (Minecraft) Missing model for variant: 'Block{kcisdeco:framed_window_extendable}[down=false,east=true,facing=west,north=true,south=false,up=true,west=false]'
[09:18:58] [Worker-Main-7/WARN] (Minecraft) Missing model for variant: 'Block{kcisdeco:framed_window_extendable}[down=false,east=true,facing=west,north=true,south=false,up=false,west=true]'
[09:18:58] [Worker-Main-7/WARN] (Minecraft) Missing model for variant: 'Block{kcisdeco:framed_window_extendable}[down=false,east=true,facing=west,north=true,south=false,up=false,west=false]'
[09:18:58] [Worker-Main-7/WARN] (Minecraft) Missing model for variant: 'Block{kcisdeco:framed_window_extendable}[down=false,east=true,facing=west,north=false,south=true,up=true,west=true]'
[09:18:58] [Worker-Main-7/WARN] (Minecraft) Missing model for variant: 'Block{kcisdeco:framed_window_extendable}[down=false,east=true,facing=west,north=false,south=true,up=true,west=false]'
[09:18:58] [Worker-Main-7/WARN] (Minecraft) Missing model for variant: 'Block{kcisdeco:framed_window_extendable}[down=false,east=true,facing=west,north=false,south=true,up=false,west=true]'
[09:18:58] [Worker-Main-7/WARN] (Minecraft) Missing model for variant: 'Block{kcisdeco:framed_window_extendable}[down=false,east=true,facing=west,north=false,south=true,up=false,west=false]'
[09:18:58] [Worker-Main-7/WARN] (Minecraft) Missing model for variant: 'Block{kcisdeco:framed_window_extendable}[down=false,east=true,facing=west,north=false,south=false,up=true,west=true]'
[09:18:58] [Worker-Main-7/WARN] (Minecraft) Missing model for variant: 'Block{kcisdeco:framed_window_extendable}[down=false,east=true,facing=west,north=false,south=false,up=true,west=false]'
[09:18:58] [Worker-Main-7/WARN] (Minecraft) Missing model for variant: 'Block{kcisdeco:framed_window_extendable}[down=false,east=true,facing=west,north=false,south=false,up=false,west=true]'
[09:18:58] [Worker-Main-7/WARN] (Minecraft) Missing model for variant: 'Block{kcisdeco:framed_window_extendable}[down=false,east=true,facing=west,north=false,south=false,up=false,west=false]'
[09:18:58] [Worker-Main-7/WARN] (Minecraft) Missing model for variant: 'Block{kcisdeco:framed_window_extendable}[down=false,east=true,facing=east,north=true,south=true,up=true,west=true]'
[09:18:58] [Worker-Main-7/WARN] (Minecraft) Missing model for variant: 'Block{kcisdeco:framed_window_extendable}[down=false,east=true,facing=east,north=true,south=true,up=true,west=false]'
[09:18:58] [Worker-Main-7/WARN] (Minecraft) Missing model for variant: 'Block{kcisdeco:framed_window_extendable}[down=false,east=true,facing=east,north=true,south=true,up=false,west=true]'
[09:18:58] [Worker-Main-7/WARN] (Minecraft) Missing model for variant: 'Block{kcisdeco:framed_window_extendable}[down=false,east=true,facing=east,north=true,south=true,up=false,west=false]'
[09:18:58] [Worker-Main-7/WARN] (Minecraft) Missing model for variant: 'Block{kcisdeco:framed_window_extendable}[down=false,east=true,facing=east,north=true,south=false,up=true,west=true]'
[09:18:58] [Worker-Main-7/WARN] (Minecraft) Missing model for variant: 'Block{kcisdeco:framed_window_extendable}[down=false,east=true,facing=east,north=true,south=false,up=true,west=false]'
[09:18:58] [Worker-Main-7/WARN] (Minecraft) Missing model for variant: 'Block{kcisdeco:framed_window_extendable}[down=false,east=true,facing=east,north=true,south=false,up=false,west=true]'
[09:18:58] [Worker-Main-7/WARN] (Minecraft) Missing model for variant: 'Block{kcisdeco:framed_window_extendable}[down=false,east=true,facing=east,north=true,south=false,up=false,west=false]'
[09:18:58] [Worker-Main-7/WARN] (Minecraft) Missing model for variant: 'Block{kcisdeco:framed_window_extendable}[down=false,east=true,facing=east,north=false,south=true,up=true,west=true]'
[09:18:58] [Worker-Main-7/WARN] (Minecraft) Missing model for variant: 'Block{kcisdeco:framed_window_extendable}[down=false,east=true,facing=east,north=false,south=true,up=true,west=false]'
[09:18:58] [Worker-Main-7/WARN] (Minecraft) Missing model for variant: 'Block{kcisdeco:framed_window_extendable}[down=false,east=true,facing=east,north=false,south=true,up=false,west=true]'
[09:18:58] [Worker-Main-7/WARN] (Minecraft) Missing model for variant: 'Block{kcisdeco:framed_window_extendable}[down=false,east=true,facing=east,north=false,south=true,up=false,west=false]'
[09:18:58] [Worker-Main-7/WARN] (Minecraft) Missing model for variant: 'Block{kcisdeco:framed_window_extendable}[down=false,east=true,facing=east,north=false,south=false,up=true,west=true]'
[09:18:58] [Worker-Main-7/WARN] (Minecraft) Missing model for variant: 'Block{kcisdeco:framed_window_extendable}[down=false,east=true,facing=east,north=false,south=false,up=true,west=false]'
[09:18:58] [Worker-Main-7/WARN] (Minecraft) Missing model for variant: 'Block{kcisdeco:framed_window_extendable}[down=false,east=true,facing=east,north=false,south=false,up=false,west=true]'
[09:18:58] [Worker-Main-7/WARN] (Minecraft) Missing model for variant: 'Block{kcisdeco:framed_window_extendable}[down=false,east=true,facing=east,north=false,south=false,up=false,west=false]'
[09:18:58] [Worker-Main-7/WARN] (Minecraft) Missing model for variant: 'Block{kcisdeco:framed_window_extendable}[down=false,east=false,facing=north,north=true,south=true,up=true,west=true]'
[09:18:58] [Worker-Main-7/WARN] (Minecraft) Missing model for variant: 'Block{kcisdeco:framed_window_extendable}[down=false,east=false,facing=north,north=true,south=true,up=true,west=false]'
[09:18:58] [Worker-Main-7/WARN] (Minecraft) Missing model for variant: 'Block{kcisdeco:framed_window_extendable}[down=false,east=false,facing=north,north=true,south=true,up=false,west=true]'
[09:18:58] [Worker-Main-7/WARN] (Minecraft) Missing model for variant: 'Block{kcisdeco:framed_window_extendable}[down=false,east=false,facing=north,north=true,south=true,up=false,west=false]'
[09:18:58] [Worker-Main-7/WARN] (Minecraft) Missing model for variant: 'Block{kcisdeco:framed_window_extendable}[down=false,east=false,facing=north,north=true,south=false,up=true,west=true]'
[09:18:58] [Worker-Main-7/WARN] (Minecraft) Missing model for variant: 'Block{kcisdeco:framed_window_extendable}[down=false,east=false,facing=north,north=true,south=false,up=true,west=false]'
[09:18:58] [Worker-Main-7/WARN] (Minecraft) Missing model for variant: 'Block{kcisdeco:framed_window_extendable}[down=false,east=false,facing=north,north=true,south=false,up=false,west=true]'
[09:18:58] [Worker-Main-7/WARN] (Minecraft) Missing model for variant: 'Block{kcisdeco:framed_window_extendable}[down=false,east=false,facing=north,north=true,south=false,up=false,west=false]'
[09:18:58] [Worker-Main-7/WARN] (Minecraft) Missing model for variant: 'Block{kcisdeco:framed_window_extendable}[down=false,east=false,facing=north,north=false,south=true,up=true,west=true]'
[09:18:58] [Worker-Main-7/WARN] (Minecraft) Missing model for variant: 'Block{kcisdeco:framed_window_extendable}[down=false,east=false,facing=north,north=false,south=true,up=true,west=false]'
[09:18:58] [Worker-Main-7/WARN] (Minecraft) Missing model for variant: 'Block{kcisdeco:framed_window_extendable}[down=false,east=false,facing=north,north=false,south=true,up=false,west=true]'
[09:18:58] [Worker-Main-7/WARN] (Minecraft) Missing model for variant: 'Block{kcisdeco:framed_window_extendable}[down=false,east=false,facing=north,north=false,south=true,up=false,west=false]'
[09:18:58] [Worker-Main-7/WARN] (Minecraft) Missing model for variant: 'Block{kcisdeco:framed_window_extendable}[down=false,east=false,facing=south,north=true,south=true,up=true,west=true]'
[09:18:58] [Worker-Main-7/WARN] (Minecraft) Missing model for variant: 'Block{kcisdeco:framed_window_extendable}[down=false,east=false,facing=south,north=true,south=true,up=true,west=false]'
[09:18:58] [Worker-Main-7/WARN] (Minecraft) Missing model for variant: 'Block{kcisdeco:framed_window_extendable}[down=false,east=false,facing=south,north=true,south=true,up=false,west=true]'
[09:18:58] [Worker-Main-7/WARN] (Minecraft) Missing model for variant: 'Block{kcisdeco:framed_window_extendable}[down=false,east=false,facing=south,north=true,south=true,up=false,west=false]'
[09:18:58] [Worker-Main-7/WARN] (Minecraft) Missing model for variant: 'Block{kcisdeco:framed_window_extendable}[down=false,east=false,facing=south,north=true,south=false,up=true,west=true]'
[09:18:58] [Worker-Main-7/WARN] (Minecraft) Missing model for variant: 'Block{kcisdeco:framed_window_extendable}[down=false,east=false,facing=south,north=true,south=false,up=true,west=false]'
[09:18:58] [Worker-Main-7/WARN] (Minecraft) Missing model for variant: 'Block{kcisdeco:framed_window_extendable}[down=false,east=false,facing=south,north=true,south=false,up=false,west=true]'
[09:18:58] [Worker-Main-7/WARN] (Minecraft) Missing model for variant: 'Block{kcisdeco:framed_window_extendable}[down=false,east=false,facing=south,north=true,south=false,up=false,west=false]'
[09:18:58] [Worker-Main-7/WARN] (Minecraft) Missing model for variant: 'Block{kcisdeco:framed_window_extendable}[down=false,east=false,facing=south,north=false,south=true,up=true,west=true]'
[09:18:58] [Worker-Main-7/WARN] (Minecraft) Missing model for variant: 'Block{kcisdeco:framed_window_extendable}[down=false,east=false,facing=south,north=false,south=true,up=true,west=false]'
[09:18:58] [Worker-Main-7/WARN] (Minecraft) Missing model for variant: 'Block{kcisdeco:framed_window_extendable}[down=false,east=false,facing=south,north=false,south=true,up=false,west=true]'
[09:18:58] [Worker-Main-7/WARN] (Minecraft) Missing model for variant: 'Block{kcisdeco:framed_window_extendable}[down=false,east=false,facing=south,north=false,south=true,up=false,west=false]'
[09:18:58] [Worker-Main-7/WARN] (Minecraft) Missing model for variant: 'Block{kcisdeco:framed_window_extendable}[down=false,east=false,facing=west,north=true,south=true,up=true,west=true]'
[09:18:58] [Worker-Main-7/WARN] (Minecraft) Missing model for variant: 'Block{kcisdeco:framed_window_extendable}[down=false,east=false,facing=west,north=true,south=true,up=false,west=true]'
[09:18:58] [Worker-Main-7/WARN] (Minecraft) Missing model for variant: 'Block{kcisdeco:framed_window_extendable}[down=false,east=false,facing=west,north=true,south=false,up=true,west=true]'
[09:18:58] [Worker-Main-7/WARN] (Minecraft) Missing model for variant: 'Block{kcisdeco:framed_window_extendable}[down=false,east=false,facing=west,north=true,south=false,up=false,west=true]'
[09:18:58] [Worker-Main-7/WARN] (Minecraft) Missing model for variant: 'Block{kcisdeco:framed_window_extendable}[down=false,east=false,facing=west,north=false,south=true,up=true,west=true]'
[09:18:58] [Worker-Main-7/WARN] (Minecraft) Missing model for variant: 'Block{kcisdeco:framed_window_extendable}[down=false,east=false,facing=west,north=false,south=true,up=false,west=true]'
[09:18:58] [Worker-Main-7/WARN] (Minecraft) Missing model for variant: 'Block{kcisdeco:framed_window_extendable}[down=false,east=false,facing=west,north=false,south=false,up=true,west=true]'
[09:18:58] [Worker-Main-7/WARN] (Minecraft) Missing model for variant: 'Block{kcisdeco:framed_window_extendable}[down=false,east=false,facing=west,north=false,south=false,up=false,west=true]'
[09:18:58] [Worker-Main-7/WARN] (Minecraft) Missing model for variant: 'Block{kcisdeco:framed_window_extendable}[down=false,east=false,facing=east,north=true,south=true,up=true,west=true]'
[09:18:58] [Worker-Main-7/WARN] (Minecraft) Missing model for variant: 'Block{kcisdeco:framed_window_extendable}[down=false,east=false,facing=east,north=true,south=true,up=false,west=true]'
[09:18:58] [Worker-Main-7/WARN] (Minecraft) Missing model for variant: 'Block{kcisdeco:framed_window_extendable}[down=false,east=false,facing=east,north=true,south=false,up=true,west=true]'
[09:18:58] [Worker-Main-7/WARN] (Minecraft) Missing model for variant: 'Block{kcisdeco:framed_window_extendable}[down=false,east=false,facing=east,north=true,south=false,up=false,west=true]'
[09:18:58] [Worker-Main-7/WARN] (Minecraft) Missing model for variant: 'Block{kcisdeco:framed_window_extendable}[down=false,east=false,facing=east,north=false,south=true,up=true,west=true]'
[09:18:58] [Worker-Main-7/WARN] (Minecraft) Missing model for variant: 'Block{kcisdeco:framed_window_extendable}[down=false,east=false,facing=east,north=false,south=true,up=false,west=true]'
[09:18:58] [Worker-Main-7/WARN] (Minecraft) Missing model for variant: 'Block{kcisdeco:framed_window_extendable}[down=false,east=false,facing=east,north=false,south=false,up=true,west=true]'
[09:18:58] [Worker-Main-7/WARN] (Minecraft) Missing model for variant: 'Block{kcisdeco:framed_window_extendable}[down=false,east=false,facing=east,north=false,south=false,up=false,west=true]'
[09:19:00] [Render thread/INFO] (Minecraft) OpenAL initialized on device MacBook Pro Speakers
[09:19:00] [Render thread/INFO] (Minecraft) Sound engine started
[09:19:00] [Render thread/INFO] (Minecraft) Created: 1024x512x1 minecraft:textures/atlas/blocks.png-atlas
[09:19:00] [Render thread/INFO] (Minecraft) Created: 256x256x4 minecraft:textures/atlas/signs.png-atlas
[09:19:00] [Render thread/INFO] (Minecraft) Created: 512x512x4 minecraft:textures/atlas/shield_patterns.png-atlas
[09:19:00] [Render thread/INFO] (Minecraft) Created: 512x512x4 minecraft:textures/atlas/banner_patterns.png-atlas
[09:19:00] [Render thread/INFO] (Minecraft) Created: 2048x1024x4 minecraft:textures/atlas/armor_trims.png-atlas
[09:19:00] [Render thread/INFO] (Minecraft) Created: 128x64x4 minecraft:textures/atlas/decorated_pot.png-atlas
[09:19:00] [Render thread/INFO] (Minecraft) Created: 256x256x4 minecraft:textures/atlas/chest.png-atlas
[09:19:00] [Render thread/INFO] (Minecraft) Created: 512x256x4 minecraft:textures/atlas/shulker_boxes.png-atlas
[09:19:00] [Render thread/INFO] (Minecraft) Created: 512x256x4 minecraft:textures/atlas/beds.png-atlas
[09:19:00] [Render thread/INFO] (Minecraft) Created: 64x64x0 minecraft:textures/atlas/map_decorations.png-atlas
[09:19:01] [Render thread/INFO] (Minecraft) Created: 512x256x0 minecraft:textures/atlas/particles.png-atlas
[09:19:01] [Render thread/INFO] (Minecraft) Created: 512x256x0 minecraft:textures/atlas/paintings.png-atlas
[09:19:01] [Render thread/INFO] (Minecraft) Created: 1024x512x0 minecraft:textures/atlas/gui.png-atlas
[09:19:12] [Render thread/INFO] (Minecraft) Loaded 1407 recipes
[09:19:12] [Render thread/INFO] (Minecraft) Loaded 1520 advancements
[09:19:13] [Render thread/INFO] (BiomeModificationImpl) Applied 0 biome modifications to 0 of 65 new biomes in 906.5 μs
[09:19:13] [Server thread/INFO] (Minecraft) Starting integrated minecraft server version 1.21.6
[09:19:13] [Server thread/INFO] (Minecraft) Generating keypair
[09:19:13] [Server thread/INFO] (Minecraft) Preparing start region for dimension minecraft:overworld
[09:19:13] [Render thread/INFO] (Minecraft) Preparing spawn area: 0%
[09:19:13] [Render thread/INFO] (Minecraft) Time elapsed: 249 ms
[09:19:13] [Server thread/INFO] (Minecraft) Changing view distance to 8, from 10
[09:19:13] [Server thread/INFO] (Minecraft) Changing simulation distance to 12, from 0
[09:19:14] [Server thread/INFO] (Minecraft) Player902[local:E:000f417b] logged in with entity id 86 at (-55.69999998807907, -12.603932699205517, 30.69999998807907)
[09:19:14] [Server thread/INFO] (Minecraft) Player902 joined the game
[09:19:14] [Render thread/INFO] (Minecraft) Loaded 2 advancements
[09:19:14] [Render thread/INFO] (Minecraft) Resizing Dynamic Transforms UBO, capacity limit of 2 reached during a single frame. New capacity will be 4.
[09:19:14] [Render thread/INFO] (Minecraft) Resizing Dynamic Transforms UBO, capacity limit of 4 reached during a single frame. New capacity will be 8.
[09:19:14] [Render thread/INFO] (Minecraft) Resizing Dynamic Transforms UBO, capacity limit of 8 reached during a single frame. New capacity will be 16.
[09:19:15] [Render thread/INFO] (Minecraft) Resizing Dynamic Transforms UBO, capacity limit of 16 reached during a single frame. New capacity will be 32.
[09:19:15] [Render thread/INFO] (Minecraft) Resizing Dynamic Transforms UBO, capacity limit of 32 reached during a single frame. New capacity will be 64.
[09:19:15] [Render thread/INFO] (Minecraft) Resizing Dynamic Transforms UBO, capacity limit of 64 reached during a single frame. New capacity will be 128.
[09:19:15] [Render thread/INFO] (Minecraft) Resizing Dynamic Transforms UBO, capacity limit of 128 reached during a single frame. New capacity will be 256.
[09:19:15] [Render thread/INFO] (Minecraft) Resizing Dynamic Transforms UBO, capacity limit of 256 reached during a single frame. New capacity will be 512.
[09:19:16] [Render thread/INFO] (Minecraft) Resizing Dynamic Transforms UBO, capacity limit of 512 reached during a single frame. New capacity will be 1024.
[09:19:34] [Render thread/INFO] (Minecraft) Loaded 13 advancements
[09:19:42] [Render thread/INFO] (Minecraft) Loaded 27 advancements
[09:20:23] [Render thread/INFO] (Minecraft) Loaded 36 advancements
[09:24:13] [Render thread/WARN] (Minecraft) Received passengers for unknown entity
[09:24:36] [Server thread/INFO] (Minecraft) Saving and pausing game...
[09:24:36] [Server thread/INFO] (Minecraft) Saving chunks for level 'ServerLevel[KCIS '25]'/minecraft:overworld
[09:24:36] [Server thread/INFO] (Minecraft) Saving chunks for level 'ServerLevel[KCIS '25]'/minecraft:the_nether
[09:24:36] [Server thread/INFO] (Minecraft) Saving chunks for level 'ServerLevel[KCIS '25]'/minecraft:the_end
[09:24:36] [Server thread/INFO] (Minecraft) Player902 lost connection: Disconnected
[09:24:36] [Server thread/INFO] (Minecraft) Player902 left the game
[09:24:36] [Server thread/INFO] (Minecraft) Stopping singleplayer server as player logged out
[09:24:36] [Server thread/INFO] (Minecraft) Stopping server
[09:24:36] [Server thread/INFO] (Minecraft) Saving players
[09:24:36] [Server thread/INFO] (Minecraft) Saving worlds
[09:24:36] [Server thread/INFO] (Minecraft) Saving chunks for level 'ServerLevel[KCIS '25]'/minecraft:overworld
[09:24:36] [Server thread/INFO] (Minecraft) Saving chunks for level 'ServerLevel[KCIS '25]'/minecraft:the_nether
[09:24:36] [Server thread/INFO] (Minecraft) Saving chunks for level 'ServerLevel[KCIS '25]'/minecraft:the_end
[09:24:36] [Server thread/INFO] (Minecraft) ThreadedAnvilChunkStorage (world): All chunks are saved
[09:24:36] [Server thread/INFO] (Minecraft) ThreadedAnvilChunkStorage (DIM-1): All chunks are saved
[09:24:36] [Server thread/INFO] (Minecraft) ThreadedAnvilChunkStorage (DIM1): All chunks are saved
[09:24:36] [Server thread/INFO] (Minecraft) ThreadedAnvilChunkStorage: All dimensions are saved
[09:24:37] [Render thread/INFO] (Minecraft) Stopping!
